c:\users\lg\source\repos\gimal\gimal\x64\debug\vc143.pdb
c:\users\lg\source\repos\gimal\gimal\x64\debug\vc143.idb
c:\users\lg\source\repos\gimal\gimal\x64\debug\spritecomponent.obj
c:\users\lg\source\repos\gimal\gimal\x64\debug\ship.obj
c:\users\lg\source\repos\gimal\gimal\x64\debug\random.obj
c:\users\lg\source\repos\gimal\gimal\x64\debug\movecomponent.obj
c:\users\lg\source\repos\gimal\gimal\x64\debug\math.obj
c:\users\lg\source\repos\gimal\gimal\x64\debug\main.obj
c:\users\lg\source\repos\gimal\gimal\x64\debug\laser.obj
c:\users\lg\source\repos\gimal\gimal\x64\debug\inputcomponent.obj
c:\users\lg\source\repos\gimal\gimal\x64\debug\game.obj
c:\users\lg\source\repos\gimal\gimal\x64\debug\component.obj
c:\users\lg\source\repos\gimal\gimal\x64\debug\circlecomponent.obj
c:\users\lg\source\repos\gimal\gimal\x64\debug\asteroid.obj
c:\users\lg\source\repos\gimal\gimal\x64\debug\actor.obj
c:\users\lg\source\repos\gimal\gimal\x64\debug\gimal.ilk
c:\users\lg\source\repos\gimal\x64\debug\gimal.exe
c:\users\lg\source\repos\gimal\x64\debug\gimal.pdb
c:\users\lg\source\repos\gimal\gimal\x64\debug\gimal.tlog\cl.command.1.tlog
c:\users\lg\source\repos\gimal\gimal\x64\debug\gimal.tlog\cl.read.1.tlog
c:\users\lg\source\repos\gimal\gimal\x64\debug\gimal.tlog\cl.write.1.tlog
c:\users\lg\source\repos\gimal\gimal\x64\debug\gimal.tlog\link.command.1.tlog
c:\users\lg\source\repos\gimal\gimal\x64\debug\gimal.tlog\link.read.1.tlog
c:\users\lg\source\repos\gimal\gimal\x64\debug\gimal.tlog\link.write.1.tlog
